Determining if the pthread_create exist failed with the following output:
Change Dir: /home/robotics3/turbo-computing-machine/catkin_ws/build/CMakeFiles/CMakeTmp

Run Build Command:/usr/bin/make "cmTryCompileExec3013170535/fast"
/usr/bin/make -f CMakeFiles/cmTryCompileExec3013170535.dir/build.make CMakeFiles/cmTryCompileExec3013170535.dir/build
make[1]: Entering directory `/home/robotics3/turbo-computing-machine/catkin_ws/build/CMakeFiles/CMakeTmp'
/usr/bin/cmake -E cmake_progress_report /home/robotics3/turbo-computing-machine/catkin_ws/build/CMakeFiles/CMakeTmp/CMakeFiles 1
Building C object CMakeFiles/cmTryCompileExec3013170535.dir/CheckSymbolExists.c.o
/usr/bin/cc    -o CMakeFiles/cmTryCompileExec3013170535.dir/CheckSymbolExists.c.o   -c /home/robotics3/turbo-computing-machine/catkin_ws/build/CMakeFiles/CMakeTmp/CheckSymbolExists.c
Linking C executable cmTryCompileExec3013170535
/usr/bin/cmake -E cmake_link_script CMakeFiles/cmTryCompileExec3013170535.dir/link.txt --verbose=1
/usr/bin/cc       CMakeFiles/cmTryCompileExec3013170535.dir/CheckSymbolExists.c.o  -o cmTryCompileExec3013170535 -rdynamic 
CMakeFiles/cmTryCompileExec3013170535.dir/CheckSymbolExists.c.o: In function `main':
CheckSymbolExists.c:(.text+0x16): undefined reference to `pthread_create'
collect2: error: ld returned 1 exit status
make[1]: Leaving directory `/home/robotics3/turbo-computing-machine/catkin_ws/build/CMakeFiles/CMakeTmp'
make[1]: *** [cmTryCompileExec3013170535] Error 1
make: *** [cmTryCompileExec3013170535/fast] Error 2

File /home/robotics3/turbo-computing-machine/catkin_ws/build/CMakeFiles/CMakeTmp/CheckSymbolExists.c:
/* */
#include <pthread.h>

int main(int argc, char** argv)
{
  (void)argv;
#ifndef pthread_create
  return ((int*)(&pthread_create))[argc];
#else
  (void)argc;
  return 0;
#endif
}

Determining if the function pthread_create exists in the pthreads failed with the following output:
Change Dir: /home/robotics3/turbo-computing-machine/catkin_ws/build/CMakeFiles/CMakeTmp

Run Build Command:/usr/bin/make "cmTryCompileExec539749889/fast"
/usr/bin/make -f CMakeFiles/cmTryCompileExec539749889.dir/build.make CMakeFiles/cmTryCompileExec539749889.dir/build
make[1]: Entering directory `/home/robotics3/turbo-computing-machine/catkin_ws/build/CMakeFiles/CMakeTmp'
/usr/bin/cmake -E cmake_progress_report /home/robotics3/turbo-computing-machine/catkin_ws/build/CMakeFiles/CMakeTmp/CMakeFiles 1
Building C object CMakeFiles/cmTryCompileExec539749889.dir/CheckFunctionExists.c.o
/usr/bin/cc   -DCHECK_FUNCTION_EXISTS=pthread_create   -o CMakeFiles/cmTryCompileExec539749889.dir/CheckFunctionExists.c.o   -c /usr/share/cmake-2.8/Modules/CheckFunctionExists.c
Linking C executable cmTryCompileExec539749889
/usr/bin/cmake -E cmake_link_script CMakeFiles/cmTryCompileExec539749889.dir/link.txt --verbose=1
/usr/bin/cc   -DCHECK_FUNCTION_EXISTS=pthread_create    CMakeFiles/cmTryCompileExec539749889.dir/CheckFunctionExists.c.o  -o cmTryCompileExec539749889 -rdynamic -lpthreads 
/usr/bin/ld: cannot find -lpthreads
collect2: error: ld returned 1 exit status
make[1]: Leaving directory `/home/robotics3/turbo-computing-machine/catkin_ws/build/CMakeFiles/CMakeTmp'
make[1]: *** [cmTryCompileExec539749889] Error 1
make: *** [cmTryCompileExec539749889/fast] Error 2


